<?xml version="1.0" encoding="UTF-8"?>
<!-- Generated by org.testng.reporters.JUnitXMLReporter -->
<testsuite hostname="DESKTOP-HAC2EQ0" ignored="0" name="Command line test" tests="3" failures="0" timestamp="2023-05-27T11:38:58 BDT" time="32.895" errors="0">
  <testcase name="LoginTest" time="6.072" classname="testCases.TestLogin"/>
  <testcase name="PassportTest" time="3.497" classname="testCases.TestLogin"/>
  <testcase name="test_product" time="15.873" classname="testCases.TestProductPage"/>
</testsuite> <!-- Command line test -->
