<?xml version="1.0" encoding="UTF-8"?>
<!-- Generated by org.testng.reporters.JUnitXMLReporter -->
<testsuite hostname="DESKTOP-HAC2EQ0" ignored="0" name="Command line test" tests="3" failures="0" timestamp="2023-05-15T23:51:08 BDT" time="34.667" errors="0">
  <testcase name="LoginTest" time="6.558" classname="testCases.TestLogin"/>
  <testcase name="PassportTest" time="3.14" classname="testCases.TestLogin"/>
  <testcase name="test_product" time="16.711" classname="testCases.TestProductPage"/>
</testsuite> <!-- Command line test -->
