<?xml version="1.0" encoding="UTF-8"?>
<testng-results skipped="0" failed="0" ignored="0" total="4" passed="4">
  <reporter-output>
  </reporter-output>
  <suite name="Command line suite" duration-ms="97658" started-at="2023-06-12T20:53:09 BDT" finished-at="2023-06-12T20:54:47 BDT">
    <groups>
    </groups>
    <test name="Command line test" duration-ms="97658" started-at="2023-06-12T20:53:09 BDT" finished-at="2023-06-12T20:54:47 BDT">
      <class name="testCases.TestLogin">
        <test-method status="PASS" signature="setup()[pri:0, instance:testCases.TestLogin@24105dc5]" name="setup" is-config="true" duration-ms="1610" started-at="2023-06-12T20:53:51 BDT" finished-at="2023-06-12T20:53:53 BDT">
          <reporter-output>
          </reporter-output>
        </test-method> <!-- setup -->
        <test-method status="PASS" signature="LoginTest()[pri:0, instance:testCases.TestLogin@24105dc5]" name="LoginTest" duration-ms="24714" started-at="2023-06-12T20:53:53 BDT" finished-at="2023-06-12T20:54:17 BDT">
          <reporter-output>
          </reporter-output>
        </test-method> <!-- LoginTest -->
        <test-method status="PASS" signature="teardown()[pri:0, instance:testCases.TestLogin@24105dc5]" name="teardown" is-config="true" duration-ms="135" started-at="2023-06-12T20:54:17 BDT" finished-at="2023-06-12T20:54:17 BDT">
          <reporter-output>
          </reporter-output>
        </test-method> <!-- teardown -->
        <test-method status="PASS" signature="setup()[pri:0, instance:testCases.TestLogin@24105dc5]" name="setup" is-config="true" duration-ms="2483" started-at="2023-06-12T20:54:17 BDT" finished-at="2023-06-12T20:54:20 BDT">
          <reporter-output>
          </reporter-output>
        </test-method> <!-- setup -->
        <test-method status="PASS" signature="passportTest()[pri:0, instance:testCases.TestLogin@24105dc5]" name="passportTest" duration-ms="5639" started-at="2023-06-12T20:54:20 BDT" finished-at="2023-06-12T20:54:26 BDT">
          <reporter-output>
          </reporter-output>
        </test-method> <!-- passportTest -->
        <test-method status="PASS" signature="teardown()[pri:0, instance:testCases.TestLogin@24105dc5]" name="teardown" is-config="true" duration-ms="89" started-at="2023-06-12T20:54:26 BDT" finished-at="2023-06-12T20:54:26 BDT">
          <reporter-output>
          </reporter-output>
        </test-method> <!-- teardown -->
      </class> <!-- testCases.TestLogin -->
      <class name="testCases.BrowserTest">
        <test-method status="PASS" signature="setup()[pri:0, instance:testCases.BrowserTest@f58853c]" name="setup" is-config="true" duration-ms="5287" started-at="2023-06-12T20:53:09 BDT" finished-at="2023-06-12T20:53:15 BDT">
          <reporter-output>
          </reporter-output>
        </test-method> <!-- setup -->
        <test-method status="PASS" signature="pathaoTest()[pri:0, instance:testCases.BrowserTest@f58853c]" name="pathaoTest" duration-ms="35967" started-at="2023-06-12T20:53:15 BDT" finished-at="2023-06-12T20:53:51 BDT">
          <reporter-output>
          </reporter-output>
        </test-method> <!-- pathaoTest -->
        <test-method status="PASS" signature="teardown()[pri:0, instance:testCases.BrowserTest@f58853c]" name="teardown" is-config="true" duration-ms="118" started-at="2023-06-12T20:53:51 BDT" finished-at="2023-06-12T20:53:51 BDT">
          <reporter-output>
          </reporter-output>
        </test-method> <!-- teardown -->
      </class> <!-- testCases.BrowserTest -->
      <class name="testCases.TestProductPage">
        <test-method status="PASS" signature="setup()[pri:0, instance:testCases.TestProductPage@5167f57d]" name="setup" is-config="true" duration-ms="1430" started-at="2023-06-12T20:54:26 BDT" finished-at="2023-06-12T20:54:27 BDT">
          <reporter-output>
          </reporter-output>
        </test-method> <!-- setup -->
        <test-method status="PASS" signature="productTest()[pri:1, instance:testCases.TestProductPage@5167f57d]" name="productTest" duration-ms="19808" started-at="2023-06-12T20:54:27 BDT" finished-at="2023-06-12T20:54:47 BDT">
          <reporter-output>
          </reporter-output>
        </test-method> <!-- productTest -->
        <test-method status="PASS" signature="teardown()[pri:0, instance:testCases.TestProductPage@5167f57d]" name="teardown" is-config="true" duration-ms="90" started-at="2023-06-12T20:54:47 BDT" finished-at="2023-06-12T20:54:47 BDT">
          <reporter-output>
          </reporter-output>
        </test-method> <!-- teardown -->
      </class> <!-- testCases.TestProductPage -->
    </test> <!-- Command line test -->
  </suite> <!-- Command line suite -->
</testng-results>
